[2022-06-03 19:42:15] [INFO ] [OdontologooDaoH2:23] Guardando odontologo Odontologo
	Nombre: 'Miguel'
	Apellido: 'Angel'
	Matricula: 15
[2022-06-03 19:45:29] [INFO ] [OdontologooDaoH2:23] Guardando odontologo Odontologo
	Nombre: 'Miguel'
	Apellido: 'Angel'
	Matricula: 15
[2022-06-03 19:46:03] [INFO ] [OdontologooDaoH2:23] Guardando odontologo Odontologo
	Nombre: 'Miguel'
	Apellido: 'Angel'
	Matricula: 15
[2022-06-03 19:46:04] [INFO ] [OdontologooDaoH2:55] Lista de odontologos 
[2022-06-03 19:46:52] [INFO ] [OdontologooDaoH2:23] Guardando odontologo Odontologo
	Nombre: 'lorena'
	Apellido: 'Angel'
	Matricula: 15
[2022-06-03 19:46:52] [INFO ] [OdontologooDaoH2:55] Lista de odontologos 
[2022-06-03 21:30:52] [INFO ] [OdontologooDaoH2:23] Guardando odontologo Odontologo
	Nombre: 'lorena'
	Apellido: 'Angel'
	Matricula: 15
[2022-06-03 21:31:46] [INFO ] [OdontologooDaoH2:23] Guardando odontologo Odontologo
	Nombre: 'lorena'
	Apellido: 'Angel'
	Matricula: 15
